


ARM Macro Assembler    Page 1 


    1 00000000         ;/******************************************************
                       ***********************
    2 00000000         ; * @file:    startup_LPC17xx.s
    3 00000000         ; * @purpose: CMSIS Cortex-M3 Core Device Startup File 
    4 00000000         ; *           for the NXP LPC17xx Device Series 
    5 00000000         ; * @version: V1.01
    6 00000000         ; * @date:    21. December 2009
    7 00000000         ; *------- <<< Use Configuration Wizard in Context Menu 
                       >>> ------------------
    8 00000000         ; *
    9 00000000         ; * Copyright (C) 2009 ARM Limited. All rights reserved.
                       
   10 00000000         ; * ARM Limited (ARM) is supplying this software for use
                        with Cortex-M3 
   11 00000000         ; * processor based microcontrollers.  This file can be 
                       freely distributed 
   12 00000000         ; * within development tools that are supporting such AR
                       M based processors. 
   13 00000000         ; *
   14 00000000         ; * THIS SOFTWARE IS PROVIDED "AS IS".  NO WARRANTIES, W
                       HETHER EXPRESS, IMPLIED
   15 00000000         ; * OR STATUTORY, INCLUDING, BUT NOT LIMITED TO, IMPLIED
                        WARRANTIES OF
   16 00000000         ; * MERCHANTABILITY AND FITNESS FOR A PARTICULAR PURPOSE
                        APPLY TO THIS SOFTWARE.
   17 00000000         ; * ARM SHALL NOT, IN ANY CIRCUMSTANCES, BE LIABLE FOR S
                       PECIAL, INCIDENTAL, OR
   18 00000000         ; * CONSEQUENTIAL DAMAGES, FOR ANY REASON WHATSOEVER.
   19 00000000         ; *
   20 00000000         ; ******************************************************
                       ***********************/
   21 00000000         
   22 00000000         
   23 00000000         ; <h> Stack Configuration
   24 00000000         ;   <o> Stack Size (in Bytes) <0x0-0xFFFFFFFF:8>
   25 00000000         ; </h>
   26 00000000         
   27 00000000 00000200 
                       Stack_Size
                               EQU              0x00000200
   28 00000000         
   29 00000000                 AREA             STACK, NOINIT, READWRITE, ALIGN
=3
   30 00000000         Stack_Mem
                               SPACE            Stack_Size
   31 00000200         __initial_sp
   32 00000200         
   33 00000200         
   34 00000200         ; <h> Heap Configuration
   35 00000200         ;   <o>  Heap Size (in Bytes) <0x0-0xFFFFFFFF:8>
   36 00000200         ; </h>
   37 00000200         
   38 00000200 00000000 
                       Heap_Size
                               EQU              0x00000000
   39 00000200         
   40 00000200                 AREA             HEAP, NOINIT, READWRITE, ALIGN=
3
   41 00000000         __heap_base



ARM Macro Assembler    Page 2 


   42 00000000         Heap_Mem
                               SPACE            Heap_Size
   43 00000000         __heap_limit
   44 00000000         
   45 00000000         
   46 00000000                 PRESERVE8
   47 00000000                 THUMB
   48 00000000         
   49 00000000         
   50 00000000         ; Vector Table Mapped to Address 0 at Reset
   51 00000000         
   52 00000000                 AREA             RESET, DATA, READONLY
   53 00000000                 EXPORT           __Vectors
   54 00000000         
   55 00000000 00000000 
                       __Vectors
                               DCD              __initial_sp ; Top of Stack
   56 00000004 00000000        DCD              Reset_Handler ; Reset Handler
   57 00000008 00000000        DCD              NMI_Handler ; NMI Handler
   58 0000000C 00000000        DCD              HardFault_Handler ; Hard Fault 
                                                            Handler
   59 00000010 00000000        DCD              MemManage_Handler 
                                                            ; MPU Fault Handler
                                                            
   60 00000014 00000000        DCD              BusFault_Handler 
                                                            ; Bus Fault Handler
                                                            
   61 00000018 00000000        DCD              UsageFault_Handler ; Usage Faul
                                                            t Handler
   62 0000001C 00000000        DCD              0           ; Reserved
   63 00000020 00000000        DCD              0           ; Reserved
   64 00000024 00000000        DCD              0           ; Reserved
   65 00000028 00000000        DCD              0           ; Reserved
   66 0000002C 00000000        DCD              SVC_Handler ; SVCall Handler
   67 00000030 00000000        DCD              DebugMon_Handler ; Debug Monito
                                                            r Handler
   68 00000034 00000000        DCD              0           ; Reserved
   69 00000038 00000000        DCD              PendSV_Handler ; PendSV Handler
                                                            
   70 0000003C 00000000        DCD              SysTick_Handler 
                                                            ; SysTick Handler
   71 00000040         
   72 00000040         ; External Interrupts
   73 00000040 00000000        DCD              WDT_IRQHandler ; 16: Watchdog T
                                                            imer
   74 00000044 00000000        DCD              TIMER0_IRQHandler ; 17: Timer0
   75 00000048 00000000        DCD              TIMER1_IRQHandler ; 18: Timer1
   76 0000004C 00000000        DCD              TIMER2_IRQHandler ; 19: Timer2
   77 00000050 00000000        DCD              TIMER3_IRQHandler ; 20: Timer3
   78 00000054 00000000        DCD              UART0_IRQHandler ; 21: UART0
   79 00000058 00000000        DCD              UART1_IRQHandler ; 22: UART1
   80 0000005C 00000000        DCD              UART2_IRQHandler ; 23: UART2
   81 00000060 00000000        DCD              UART3_IRQHandler ; 24: UART3
   82 00000064 00000000        DCD              PWM1_IRQHandler ; 25: PWM1
   83 00000068 00000000        DCD              I2C0_IRQHandler ; 26: I2C0
   84 0000006C 00000000        DCD              I2C1_IRQHandler ; 27: I2C1
   85 00000070 00000000        DCD              I2C2_IRQHandler ; 28: I2C2
   86 00000074 00000000        DCD              SPI_IRQHandler ; 29: SPI
   87 00000078 00000000        DCD              SSP0_IRQHandler ; 30: SSP0



ARM Macro Assembler    Page 3 


   88 0000007C 00000000        DCD              SSP1_IRQHandler ; 31: SSP1
   89 00000080 00000000        DCD              PLL0_IRQHandler ; 32: PLL0 Lock
                                                             (Main PLL)
   90 00000084 00000000        DCD              RTC_IRQHandler ; 33: Real Time 
                                                            Clock
   91 00000088 00000000        DCD              EINT0_IRQHandler ; 34: External
                                                             Interrupt 0
   92 0000008C 00000000        DCD              EINT1_IRQHandler ; 35: External
                                                             Interrupt 1
   93 00000090 00000000        DCD              EINT2_IRQHandler ; 36: External
                                                             Interrupt 2
   94 00000094 00000000        DCD              EINT3_IRQHandler ; 37: External
                                                             Interrupt 3
   95 00000098 00000000        DCD              ADC_IRQHandler 
                                                            ; 38: A/D Converter
                                                            
   96 0000009C 00000000        DCD              BOD_IRQHandler ; 39: Brown-Out 
                                                            Detect
   97 000000A0 00000000        DCD              USB_IRQHandler ; 40: USB
   98 000000A4 00000000        DCD              CAN_IRQHandler ; 41: CAN
   99 000000A8 00000000        DCD              DMA_IRQHandler ; 42: General Pu
                                                            rpose DMA
  100 000000AC 00000000        DCD              I2S_IRQHandler ; 43: I2S
  101 000000B0 00000000        DCD              ENET_IRQHandler ; 44: Ethernet
  102 000000B4 00000000        DCD              RIT_IRQHandler ; 45: Repetitive
                                                             Interrupt Timer
  103 000000B8 00000000        DCD              MCPWM_IRQHandler ; 46: Motor Co
                                                            ntrol PWM
  104 000000BC 00000000        DCD              QEI_IRQHandler ; 47: Quadrature
                                                             Encoder Interface
  105 000000C0 00000000        DCD              PLL1_IRQHandler ; 48: PLL1 Lock
                                                             (USB PLL)
  106 000000C4 00000000        DCD              USBActivity_IRQHandler ; USB Ac
                                                            tivity interrupt to
                                                             wakeup
  107 000000C8 00000000        DCD              CANActivity_IRQHandler ; CAN Ac
                                                            tivity interrupt to
                                                             wakeup
  108 000000CC         
  109 000000CC         
  110 000000CC                 IF               :LNOT::DEF:NO_CRP
  111 000000CC                 AREA             |.ARM.__at_0x02FC|, CODE, READO
NLY
  112 00000000 FFFFFFFF 
                       CRP_Key DCD              0xFFFFFFFF
  113 00000004                 ENDIF
  114 00000004         
  115 00000004         
  116 00000004                 AREA             |.text|, CODE, READONLY
  117 00000000         
  118 00000000         
  119 00000000         ; Reset Handler
  120 00000000         
  121 00000000         Reset_Handler
                               PROC
  122 00000000                 EXPORT           Reset_Handler             [WEAK
]
  123 00000000         
  124 00000000         ;IMPOSTO PSP per SVC passando allo stato NON PRIVILEGIAT



ARM Macro Assembler    Page 4 


                       O
  125 00000000         ;in THREAD MODE (MSP viene rimpiazzato da PSP)
  126 00000000         ;MOV  R0, #3
  127 00000000         ;MSR  CONTROL, R0
  128 00000000         ;LDR  SP, =Stack_Mem
  129 00000000         
  130 00000000                 IMPORT           __main
  131 00000000 4808            LDR              R0, =__main
  132 00000002 4700            BX               R0
  133 00000004         
  134 00000004         ;IMPOSTO L'MSP allo stato NON PRIVILEGIATO 
  135 00000004         ;in THREAD MODE quando torno dall' SVC 
  136 00000004         ;MOV R0, #0
  137 00000004         ;MSR CONTROL, R0
  138 00000004         
  139 00000004         
  140 00000004         ;LOOP INFINITO nel caso usassi SVC
  141 00000004         ;InfLoop         B       InfLoop
  142 00000004         
  143 00000004                 ENDP
  144 00000004         
  145 00000004         ; se devo lavorare su MATRICI 
  146 00000004         
  147 00000004         ;    AREA |.data|, DATA, READONLY  -> MATRICI solo da LE
                       GGERE
  148 00000004         ;    AREA |.data|, DATA, READWRITE -> MATRICI da LEGGERE
                        e da SCRIVERE
  149 00000004         ;    EXPORT Matrix_Coordinates    uso EXPORT perchè vogl
                       io usare la variabile in un file esterno .C
  150 00000004         ;    EXPORT ROWS
  151 00000004         ;    EXPORT COLUMNS
  152 00000004         ;     
  153 00000004         ;Matrix_Coordinates  DCD -5,5,-4,5,-3,5,-2,5,-1,5,0,5,1,
                       5,2,5,3,5,4,5,5,5
  154 00000004         ;     DCD -5,4,-4,4,-3,4,-2,4,-1,4,0,4,1,4,2,4,3,4,4,4,5
                       ,4
  155 00000004         ;     DCD -5,3,-4,3,-3,3,-2,3,-1,3,0,3,1,3,2,3,3,3,4,3,5
                       ,3
  156 00000004         ;     DCD -5,2,-4,2,-3,2,-2,2,-1,2,0,2,1,2,2,2,3,2,4,2,5
                       ,2
  157 00000004         ;     DCD -5,1,-4,1,-3,1,-2,1,-1,1,0,1,1,1,2,1,3,1,4,1,5
                       ,1
  158 00000004         ;     DCD -5,0,-4,0,-3,0,-2,0,-1,0,0,0,1,0,2,0,3,0,4,0,5
                       ,0
  159 00000004         ;     DCD -5,-1,-4,-1,-3,-1,-2,-1, -1,-1 ,0,-1,1,-1,2,-1
                       ,3,-1,4,-1,5,-1
  160 00000004         ;     DCD -5,-2,-4,-2,-3,-2,-2,-2,-1,-2,0,-2,1,-2,2,-2,3
                       ,-2,4,-2,5,-2
  161 00000004         ;     DCD -5,-3,-4,-3,-3,-3,-2,-3,-1,-3,0,-3,1,-3,2,-3,3
                       ,-3,4,-3,5,-3
  162 00000004         ;     DCD -5,-4,-4,-4,-3,-4,-2,-4,-1,-4,0,-4,1,-4,2,-4,3
                       ,-4,4,-4,5,-4
  163 00000004         ;     DCD -5,-5,-4,-5,-3,-5,-2,-5,-1,-5,0,-5,1,-5,2,-5,3
                       ,-5,4,-5,5,-5
  164 00000004         ;ROWS    DCB 11
  165 00000004         ;COLUMNS   DCB 22
  166 00000004         
  167 00000004         ;                AREA    |.text|, CODE, READONLY
  168 00000004         



ARM Macro Assembler    Page 5 


  169 00000004         
  170 00000004         
  171 00000004         ; Dummy Exception Handlers (infinite loops which can be 
                       modified)                
  172 00000004         
  173 00000004         NMI_Handler
                               PROC
  174 00000004                 EXPORT           NMI_Handler               [WEAK
]
  175 00000004 E7FE            B                .
  176 00000006                 ENDP
  178 00000006         HardFault_Handler
                               PROC
  179 00000006                 EXPORT           HardFault_Handler         [WEAK
]
  180 00000006 E7FE            B                .
  181 00000008                 ENDP
  183 00000008         MemManage_Handler
                               PROC
  184 00000008                 EXPORT           MemManage_Handler         [WEAK
]
  185 00000008 E7FE            B                .
  186 0000000A                 ENDP
  188 0000000A         BusFault_Handler
                               PROC
  189 0000000A                 EXPORT           BusFault_Handler          [WEAK
]
  190 0000000A E7FE            B                .
  191 0000000C                 ENDP
  193 0000000C         UsageFault_Handler
                               PROC
  194 0000000C                 EXPORT           UsageFault_Handler        [WEAK
]
  195 0000000C E7FE            B                .
  196 0000000E                 ENDP
  197 0000000E         SVC_Handler
                               PROC
  198 0000000E                 EXPORT           SVC_Handler               [WEAK
]
  199 0000000E         
  200 0000000E         ;quando gestisco SVC uso l'MSP in HANDLER mode 
  201 0000000E         ;e stato PRIVILEGIATO
  202 0000000E         
  203 0000000E         ;MRS R1, psp ;carico psp in R1
  204 0000000E         ;LDR R0, [R1, #24] ;carico indirizzo pc
  205 0000000E         ;LDR R0, [R0,#-4] ;nel pc c'è l'istruzione successiva al
                       l'svc, quindi tolgo 4 per accedere all'svc
  206 0000000E         ;BIC R0, #0xFF000000 ;estraggo SVC number (AND per prend
                       ere parte bassa)
  207 0000000E         ;LSR R0, #16
  208 0000000E         
  209 0000000E         
  210 0000000E         ; your code here
  211 0000000E         ;PUSH {R4-R11, LR} ;salvo registri (STACK full descendin
                       g, punta all'ultimo inserito)
  212 0000000E         
  213 0000000E         ;CMP R0, #0x15   ;2_10101
  214 0000000E         ;BNE uscita  ;se non è il codice della SVC da gestire
  215 0000000E         



ARM Macro Assembler    Page 6 


  216 0000000E         ;MOV R3, #8
  217 0000000E         ;MOV R2, #0 ;registro con risultato
  218 0000000E         
  219 0000000E         
  220 0000000E         ;loop   TST R0, #128 ;controllo MSB, TST setta tutti i f
                       lag tranne overflow
  221 0000000E         ;LSL R2, R2, #3 ;faccio spazio ai nuovi 3 bit
  222 0000000E         
  223 0000000E         ;se il bit è 0
  224 0000000E         ;non faccio nulla -> inserisco 000 nei 3 bit meno signif
                       icativi
  225 0000000E         
  226 0000000E         
  227 0000000E         ;se il bit è 1
  228 0000000E         ;ORRNE R2, R2, #7 ;inserisco 111 nei 3 bit meno signific
                       ativi
  229 0000000E         
  230 0000000E         
  231 0000000E         ;LSL R0, R0, #1 ;vado al prossimo bit per l'iterazione s
                       uccessiva 
  232 0000000E         
  233 0000000E         ;SUBS R3, R3, #1
  234 0000000E         ;BNE loop
  235 0000000E         
  236 0000000E         
  237 0000000E         
  238 0000000E         ;uscita   POP {R4-R11, PC} 
  239 0000000E         ;STR R2, [R1] ;salvo risultato nel top of the stack
  240 0000000E E7FE            B                .           ;DA TOGLIERE se usi
                                                            amo SVC handler
  241 00000010                 ENDP
  243 00000010         DebugMon_Handler
                               PROC
  244 00000010                 EXPORT           DebugMon_Handler          [WEAK
]
  245 00000010 E7FE            B                .
  246 00000012                 ENDP
  247 00000012         PendSV_Handler
                               PROC
  248 00000012                 EXPORT           PendSV_Handler            [WEAK
]
  249 00000012 E7FE            B                .
  250 00000014                 ENDP
  251 00000014         SysTick_Handler
                               PROC
  252 00000014                 EXPORT           SysTick_Handler           [WEAK
]
  253 00000014 E7FE            B                .
  254 00000016                 ENDP
  255 00000016         
  256 00000016         Default_Handler
                               PROC
  257 00000016         
  258 00000016                 EXPORT           WDT_IRQHandler            [WEAK
]
  259 00000016                 EXPORT           TIMER0_IRQHandler         [WEAK
]
  260 00000016                 EXPORT           TIMER1_IRQHandler         [WEAK
]



ARM Macro Assembler    Page 7 


  261 00000016                 EXPORT           TIMER2_IRQHandler         [WEAK
]
  262 00000016                 EXPORT           TIMER3_IRQHandler         [WEAK
]
  263 00000016                 EXPORT           UART0_IRQHandler          [WEAK
]
  264 00000016                 EXPORT           UART1_IRQHandler          [WEAK
]
  265 00000016                 EXPORT           UART2_IRQHandler          [WEAK
]
  266 00000016                 EXPORT           UART3_IRQHandler          [WEAK
]
  267 00000016                 EXPORT           PWM1_IRQHandler           [WEAK
]
  268 00000016                 EXPORT           I2C0_IRQHandler           [WEAK
]
  269 00000016                 EXPORT           I2C1_IRQHandler           [WEAK
]
  270 00000016                 EXPORT           I2C2_IRQHandler           [WEAK
]
  271 00000016                 EXPORT           SPI_IRQHandler            [WEAK
]
  272 00000016                 EXPORT           SSP0_IRQHandler           [WEAK
]
  273 00000016                 EXPORT           SSP1_IRQHandler           [WEAK
]
  274 00000016                 EXPORT           PLL0_IRQHandler           [WEAK
]
  275 00000016                 EXPORT           RTC_IRQHandler            [WEAK
]
  276 00000016                 EXPORT           EINT0_IRQHandler          [WEAK
]
  277 00000016                 EXPORT           EINT1_IRQHandler          [WEAK
]
  278 00000016                 EXPORT           EINT2_IRQHandler          [WEAK
]
  279 00000016                 EXPORT           EINT3_IRQHandler          [WEAK
]
  280 00000016                 EXPORT           ADC_IRQHandler            [WEAK
]
  281 00000016                 EXPORT           BOD_IRQHandler            [WEAK
]
  282 00000016                 EXPORT           USB_IRQHandler            [WEAK
]
  283 00000016                 EXPORT           CAN_IRQHandler            [WEAK
]
  284 00000016                 EXPORT           DMA_IRQHandler            [WEAK
]
  285 00000016                 EXPORT           I2S_IRQHandler            [WEAK
]
  286 00000016                 EXPORT           ENET_IRQHandler           [WEAK
]
  287 00000016                 EXPORT           RIT_IRQHandler            [WEAK
]
  288 00000016                 EXPORT           MCPWM_IRQHandler          [WEAK
]
  289 00000016                 EXPORT           QEI_IRQHandler            [WEAK
]
  290 00000016                 EXPORT           PLL1_IRQHandler           [WEAK



ARM Macro Assembler    Page 8 


]
  291 00000016                 EXPORT           USBActivity_IRQHandler    [WEAK
]
  292 00000016                 EXPORT           CANActivity_IRQHandler    [WEAK
]
  293 00000016         
  294 00000016         WDT_IRQHandler
  295 00000016         TIMER0_IRQHandler
  296 00000016         TIMER1_IRQHandler
  297 00000016         TIMER2_IRQHandler
  298 00000016         TIMER3_IRQHandler
  299 00000016         UART0_IRQHandler
  300 00000016         UART1_IRQHandler
  301 00000016         UART2_IRQHandler
  302 00000016         UART3_IRQHandler
  303 00000016         PWM1_IRQHandler
  304 00000016         I2C0_IRQHandler
  305 00000016         I2C1_IRQHandler
  306 00000016         I2C2_IRQHandler
  307 00000016         SPI_IRQHandler
  308 00000016         SSP0_IRQHandler
  309 00000016         SSP1_IRQHandler
  310 00000016         PLL0_IRQHandler
  311 00000016         RTC_IRQHandler
  312 00000016         EINT0_IRQHandler
  313 00000016         EINT1_IRQHandler
  314 00000016         EINT2_IRQHandler
  315 00000016         EINT3_IRQHandler
  316 00000016         ADC_IRQHandler
  317 00000016         BOD_IRQHandler
  318 00000016         USB_IRQHandler
  319 00000016         CAN_IRQHandler
  320 00000016         DMA_IRQHandler
  321 00000016         I2S_IRQHandler
  322 00000016         ENET_IRQHandler
  323 00000016         RIT_IRQHandler
  324 00000016         MCPWM_IRQHandler
  325 00000016         QEI_IRQHandler
  326 00000016         PLL1_IRQHandler
  327 00000016         USBActivity_IRQHandler
  328 00000016         CANActivity_IRQHandler
  329 00000016         
  330 00000016 E7FE            B                .
  331 00000018         
  332 00000018                 ENDP
  333 00000018         
  334 00000018         
  335 00000018                 ALIGN
  336 00000018         
  337 00000018         
  338 00000018         ; User Initial Stack & Heap
  339 00000018         
  340 00000018                 IF               :DEF:__MICROLIB
  347 00000018         
  348 00000018                 IMPORT           __use_two_region_memory
  349 00000018                 EXPORT           __user_initial_stackheap
  350 00000018         __user_initial_stackheap
  351 00000018         
  352 00000018 4803            LDR              R0, =  Heap_Mem



ARM Macro Assembler    Page 9 


  353 0000001A 4904            LDR              R1, =(Stack_Mem + Stack_Size)
  354 0000001C 4A02            LDR              R2, = (Heap_Mem +  Heap_Size)
  355 0000001E 4B04            LDR              R3, = Stack_Mem
  356 00000020 4770            BX               LR
  357 00000022         
  358 00000022 00 00           ALIGN
  359 00000024         
  360 00000024                 ENDIF
  361 00000024         
  362 00000024         
  363 00000024                 END
              00000000 
              00000000 
              00000200 
              00000000 
Command Line: --debug --xref --diag_suppress=9931,A1950W --cpu=Cortex-M3 --depe
nd=.\objects\startup_lpc17xx.d -o.\objects\startup_lpc17xx.o -I.\Source\button_
EXINT -I.\Source\CMSIS_core -I.\Source\joystick -I.\Source\led -I.\Source\RIT -
I.\Source\timer -I.\Source -I.\RTE\_SW_Debug -IC:\Users\dorot\AppData\Local\Arm
\Packs\ARM\CMSIS\6.1.0\CMSIS\Core\Include -IC:\Users\dorot\AppData\Local\Arm\Pa
cks\Keil\LPC1700_DFP\2.7.2\Device\Include --predefine="__UVISION_VERSION SETA 5
41" --predefine="LPC175x_6x SETA 1" --predefine="_RTE_ SETA 1" --list=.\listing
s\startup_lpc17xx.lst Source\startup_LPC17xx.s



ARM Macro Assembler    Page 1 Alphabetic symbol ordering
Relocatable symbols

STACK 00000000

Symbol: STACK
   Definitions
      At line 29 in file Source\startup_LPC17xx.s
   Uses
      None
Comment: STACK unused
Stack_Mem 00000000

Symbol: Stack_Mem
   Definitions
      At line 30 in file Source\startup_LPC17xx.s
   Uses
      At line 353 in file Source\startup_LPC17xx.s
      At line 355 in file Source\startup_LPC17xx.s

__initial_sp 00000200

Symbol: __initial_sp
   Definitions
      At line 31 in file Source\startup_LPC17xx.s
   Uses
      At line 55 in file Source\startup_LPC17xx.s
Comment: __initial_sp used once
3 symbols



ARM Macro Assembler    Page 1 Alphabetic symbol ordering
Relocatable symbols

HEAP 00000000

Symbol: HEAP
   Definitions
      At line 40 in file Source\startup_LPC17xx.s
   Uses
      None
Comment: HEAP unused
Heap_Mem 00000000

Symbol: Heap_Mem
   Definitions
      At line 42 in file Source\startup_LPC17xx.s
   Uses
      At line 352 in file Source\startup_LPC17xx.s
      At line 354 in file Source\startup_LPC17xx.s

__heap_base 00000000

Symbol: __heap_base
   Definitions
      At line 41 in file Source\startup_LPC17xx.s
   Uses
      None
Comment: __heap_base unused
__heap_limit 00000000

Symbol: __heap_limit
   Definitions
      At line 43 in file Source\startup_LPC17xx.s
   Uses
      None
Comment: __heap_limit unused
4 symbols



ARM Macro Assembler    Page 1 Alphabetic symbol ordering
Relocatable symbols

RESET 00000000

Symbol: RESET
   Definitions
      At line 52 in file Source\startup_LPC17xx.s
   Uses
      None
Comment: RESET unused
__Vectors 00000000

Symbol: __Vectors
   Definitions
      At line 55 in file Source\startup_LPC17xx.s
   Uses
      At line 53 in file Source\startup_LPC17xx.s
Comment: __Vectors used once
2 symbols



ARM Macro Assembler    Page 1 Alphabetic symbol ordering
Relocatable symbols

.ARM.__at_0x02FC 00000000

Symbol: .ARM.__at_0x02FC
   Definitions
      At line 111 in file Source\startup_LPC17xx.s
   Uses
      None
Comment: .ARM.__at_0x02FC unused
CRP_Key 00000000

Symbol: CRP_Key
   Definitions
      At line 112 in file Source\startup_LPC17xx.s
   Uses
      None
Comment: CRP_Key unused
2 symbols



ARM Macro Assembler    Page 1 Alphabetic symbol ordering
Relocatable symbols

.text 00000000

Symbol: .text
   Definitions
      At line 116 in file Source\startup_LPC17xx.s
   Uses
      None
Comment: .text unused
ADC_IRQHandler 00000016

Symbol: ADC_IRQHandler
   Definitions
      At line 316 in file Source\startup_LPC17xx.s
   Uses
      At line 95 in file Source\startup_LPC17xx.s
      At line 280 in file Source\startup_LPC17xx.s

BOD_IRQHandler 00000016

Symbol: BOD_IRQHandler
   Definitions
      At line 317 in file Source\startup_LPC17xx.s
   Uses
      At line 96 in file Source\startup_LPC17xx.s
      At line 281 in file Source\startup_LPC17xx.s

BusFault_Handler 0000000A

Symbol: BusFault_Handler
   Definitions
      At line 188 in file Source\startup_LPC17xx.s
   Uses
      At line 60 in file Source\startup_LPC17xx.s
      At line 189 in file Source\startup_LPC17xx.s

CANActivity_IRQHandler 00000016

Symbol: CANActivity_IRQHandler
   Definitions
      At line 328 in file Source\startup_LPC17xx.s
   Uses
      At line 107 in file Source\startup_LPC17xx.s
      At line 292 in file Source\startup_LPC17xx.s

CAN_IRQHandler 00000016

Symbol: CAN_IRQHandler
   Definitions
      At line 319 in file Source\startup_LPC17xx.s
   Uses
      At line 98 in file Source\startup_LPC17xx.s
      At line 283 in file Source\startup_LPC17xx.s

DMA_IRQHandler 00000016

Symbol: DMA_IRQHandler
   Definitions
      At line 320 in file Source\startup_LPC17xx.s
   Uses



ARM Macro Assembler    Page 2 Alphabetic symbol ordering
Relocatable symbols

      At line 99 in file Source\startup_LPC17xx.s
      At line 284 in file Source\startup_LPC17xx.s

DebugMon_Handler 00000010

Symbol: DebugMon_Handler
   Definitions
      At line 243 in file Source\startup_LPC17xx.s
   Uses
      At line 67 in file Source\startup_LPC17xx.s
      At line 244 in file Source\startup_LPC17xx.s

Default_Handler 00000016

Symbol: Default_Handler
   Definitions
      At line 256 in file Source\startup_LPC17xx.s
   Uses
      None
Comment: Default_Handler unused
EINT0_IRQHandler 00000016

Symbol: EINT0_IRQHandler
   Definitions
      At line 312 in file Source\startup_LPC17xx.s
   Uses
      At line 91 in file Source\startup_LPC17xx.s
      At line 276 in file Source\startup_LPC17xx.s

EINT1_IRQHandler 00000016

Symbol: EINT1_IRQHandler
   Definitions
      At line 313 in file Source\startup_LPC17xx.s
   Uses
      At line 92 in file Source\startup_LPC17xx.s
      At line 277 in file Source\startup_LPC17xx.s

EINT2_IRQHandler 00000016

Symbol: EINT2_IRQHandler
   Definitions
      At line 314 in file Source\startup_LPC17xx.s
   Uses
      At line 93 in file Source\startup_LPC17xx.s
      At line 278 in file Source\startup_LPC17xx.s

EINT3_IRQHandler 00000016

Symbol: EINT3_IRQHandler
   Definitions
      At line 315 in file Source\startup_LPC17xx.s
   Uses
      At line 94 in file Source\startup_LPC17xx.s
      At line 279 in file Source\startup_LPC17xx.s

ENET_IRQHandler 00000016

Symbol: ENET_IRQHandler



ARM Macro Assembler    Page 3 Alphabetic symbol ordering
Relocatable symbols

   Definitions
      At line 322 in file Source\startup_LPC17xx.s
   Uses
      At line 101 in file Source\startup_LPC17xx.s
      At line 286 in file Source\startup_LPC17xx.s

HardFault_Handler 00000006

Symbol: HardFault_Handler
   Definitions
      At line 178 in file Source\startup_LPC17xx.s
   Uses
      At line 58 in file Source\startup_LPC17xx.s
      At line 179 in file Source\startup_LPC17xx.s

I2C0_IRQHandler 00000016

Symbol: I2C0_IRQHandler
   Definitions
      At line 304 in file Source\startup_LPC17xx.s
   Uses
      At line 83 in file Source\startup_LPC17xx.s
      At line 268 in file Source\startup_LPC17xx.s

I2C1_IRQHandler 00000016

Symbol: I2C1_IRQHandler
   Definitions
      At line 305 in file Source\startup_LPC17xx.s
   Uses
      At line 84 in file Source\startup_LPC17xx.s
      At line 269 in file Source\startup_LPC17xx.s

I2C2_IRQHandler 00000016

Symbol: I2C2_IRQHandler
   Definitions
      At line 306 in file Source\startup_LPC17xx.s
   Uses
      At line 85 in file Source\startup_LPC17xx.s
      At line 270 in file Source\startup_LPC17xx.s

I2S_IRQHandler 00000016

Symbol: I2S_IRQHandler
   Definitions
      At line 321 in file Source\startup_LPC17xx.s
   Uses
      At line 100 in file Source\startup_LPC17xx.s
      At line 285 in file Source\startup_LPC17xx.s

MCPWM_IRQHandler 00000016

Symbol: MCPWM_IRQHandler
   Definitions
      At line 324 in file Source\startup_LPC17xx.s
   Uses
      At line 103 in file Source\startup_LPC17xx.s
      At line 288 in file Source\startup_LPC17xx.s



ARM Macro Assembler    Page 4 Alphabetic symbol ordering
Relocatable symbols


MemManage_Handler 00000008

Symbol: MemManage_Handler
   Definitions
      At line 183 in file Source\startup_LPC17xx.s
   Uses
      At line 59 in file Source\startup_LPC17xx.s
      At line 184 in file Source\startup_LPC17xx.s

NMI_Handler 00000004

Symbol: NMI_Handler
   Definitions
      At line 173 in file Source\startup_LPC17xx.s
   Uses
      At line 57 in file Source\startup_LPC17xx.s
      At line 174 in file Source\startup_LPC17xx.s

PLL0_IRQHandler 00000016

Symbol: PLL0_IRQHandler
   Definitions
      At line 310 in file Source\startup_LPC17xx.s
   Uses
      At line 89 in file Source\startup_LPC17xx.s
      At line 274 in file Source\startup_LPC17xx.s

PLL1_IRQHandler 00000016

Symbol: PLL1_IRQHandler
   Definitions
      At line 326 in file Source\startup_LPC17xx.s
   Uses
      At line 105 in file Source\startup_LPC17xx.s
      At line 290 in file Source\startup_LPC17xx.s

PWM1_IRQHandler 00000016

Symbol: PWM1_IRQHandler
   Definitions
      At line 303 in file Source\startup_LPC17xx.s
   Uses
      At line 82 in file Source\startup_LPC17xx.s
      At line 267 in file Source\startup_LPC17xx.s

PendSV_Handler 00000012

Symbol: PendSV_Handler
   Definitions
      At line 247 in file Source\startup_LPC17xx.s
   Uses
      At line 69 in file Source\startup_LPC17xx.s
      At line 248 in file Source\startup_LPC17xx.s

QEI_IRQHandler 00000016

Symbol: QEI_IRQHandler
   Definitions



ARM Macro Assembler    Page 5 Alphabetic symbol ordering
Relocatable symbols

      At line 325 in file Source\startup_LPC17xx.s
   Uses
      At line 104 in file Source\startup_LPC17xx.s
      At line 289 in file Source\startup_LPC17xx.s

RIT_IRQHandler 00000016

Symbol: RIT_IRQHandler
   Definitions
      At line 323 in file Source\startup_LPC17xx.s
   Uses
      At line 102 in file Source\startup_LPC17xx.s
      At line 287 in file Source\startup_LPC17xx.s

RTC_IRQHandler 00000016

Symbol: RTC_IRQHandler
   Definitions
      At line 311 in file Source\startup_LPC17xx.s
   Uses
      At line 90 in file Source\startup_LPC17xx.s
      At line 275 in file Source\startup_LPC17xx.s

Reset_Handler 00000000

Symbol: Reset_Handler
   Definitions
      At line 121 in file Source\startup_LPC17xx.s
   Uses
      At line 56 in file Source\startup_LPC17xx.s
      At line 122 in file Source\startup_LPC17xx.s

SPI_IRQHandler 00000016

Symbol: SPI_IRQHandler
   Definitions
      At line 307 in file Source\startup_LPC17xx.s
   Uses
      At line 86 in file Source\startup_LPC17xx.s
      At line 271 in file Source\startup_LPC17xx.s

SSP0_IRQHandler 00000016

Symbol: SSP0_IRQHandler
   Definitions
      At line 308 in file Source\startup_LPC17xx.s
   Uses
      At line 87 in file Source\startup_LPC17xx.s
      At line 272 in file Source\startup_LPC17xx.s

SSP1_IRQHandler 00000016

Symbol: SSP1_IRQHandler
   Definitions
      At line 309 in file Source\startup_LPC17xx.s
   Uses
      At line 88 in file Source\startup_LPC17xx.s
      At line 273 in file Source\startup_LPC17xx.s




ARM Macro Assembler    Page 6 Alphabetic symbol ordering
Relocatable symbols

SVC_Handler 0000000E

Symbol: SVC_Handler
   Definitions
      At line 197 in file Source\startup_LPC17xx.s
   Uses
      At line 66 in file Source\startup_LPC17xx.s
      At line 198 in file Source\startup_LPC17xx.s

SysTick_Handler 00000014

Symbol: SysTick_Handler
   Definitions
      At line 251 in file Source\startup_LPC17xx.s
   Uses
      At line 70 in file Source\startup_LPC17xx.s
      At line 252 in file Source\startup_LPC17xx.s

TIMER0_IRQHandler 00000016

Symbol: TIMER0_IRQHandler
   Definitions
      At line 295 in file Source\startup_LPC17xx.s
   Uses
      At line 74 in file Source\startup_LPC17xx.s
      At line 259 in file Source\startup_LPC17xx.s

TIMER1_IRQHandler 00000016

Symbol: TIMER1_IRQHandler
   Definitions
      At line 296 in file Source\startup_LPC17xx.s
   Uses
      At line 75 in file Source\startup_LPC17xx.s
      At line 260 in file Source\startup_LPC17xx.s

TIMER2_IRQHandler 00000016

Symbol: TIMER2_IRQHandler
   Definitions
      At line 297 in file Source\startup_LPC17xx.s
   Uses
      At line 76 in file Source\startup_LPC17xx.s
      At line 261 in file Source\startup_LPC17xx.s

TIMER3_IRQHandler 00000016

Symbol: TIMER3_IRQHandler
   Definitions
      At line 298 in file Source\startup_LPC17xx.s
   Uses
      At line 77 in file Source\startup_LPC17xx.s
      At line 262 in file Source\startup_LPC17xx.s

UART0_IRQHandler 00000016

Symbol: UART0_IRQHandler
   Definitions
      At line 299 in file Source\startup_LPC17xx.s



ARM Macro Assembler    Page 7 Alphabetic symbol ordering
Relocatable symbols

   Uses
      At line 78 in file Source\startup_LPC17xx.s
      At line 263 in file Source\startup_LPC17xx.s

UART1_IRQHandler 00000016

Symbol: UART1_IRQHandler
   Definitions
      At line 300 in file Source\startup_LPC17xx.s
   Uses
      At line 79 in file Source\startup_LPC17xx.s
      At line 264 in file Source\startup_LPC17xx.s

UART2_IRQHandler 00000016

Symbol: UART2_IRQHandler
   Definitions
      At line 301 in file Source\startup_LPC17xx.s
   Uses
      At line 80 in file Source\startup_LPC17xx.s
      At line 265 in file Source\startup_LPC17xx.s

UART3_IRQHandler 00000016

Symbol: UART3_IRQHandler
   Definitions
      At line 302 in file Source\startup_LPC17xx.s
   Uses
      At line 81 in file Source\startup_LPC17xx.s
      At line 266 in file Source\startup_LPC17xx.s

USBActivity_IRQHandler 00000016

Symbol: USBActivity_IRQHandler
   Definitions
      At line 327 in file Source\startup_LPC17xx.s
   Uses
      At line 106 in file Source\startup_LPC17xx.s
      At line 291 in file Source\startup_LPC17xx.s

USB_IRQHandler 00000016

Symbol: USB_IRQHandler
   Definitions
      At line 318 in file Source\startup_LPC17xx.s
   Uses
      At line 97 in file Source\startup_LPC17xx.s
      At line 282 in file Source\startup_LPC17xx.s

UsageFault_Handler 0000000C

Symbol: UsageFault_Handler
   Definitions
      At line 193 in file Source\startup_LPC17xx.s
   Uses
      At line 61 in file Source\startup_LPC17xx.s
      At line 194 in file Source\startup_LPC17xx.s

WDT_IRQHandler 00000016



ARM Macro Assembler    Page 8 Alphabetic symbol ordering
Relocatable symbols


Symbol: WDT_IRQHandler
   Definitions
      At line 294 in file Source\startup_LPC17xx.s
   Uses
      At line 73 in file Source\startup_LPC17xx.s
      At line 258 in file Source\startup_LPC17xx.s

__user_initial_stackheap 00000018

Symbol: __user_initial_stackheap
   Definitions
      At line 350 in file Source\startup_LPC17xx.s
   Uses
      At line 349 in file Source\startup_LPC17xx.s
Comment: __user_initial_stackheap used once
48 symbols



ARM Macro Assembler    Page 1 Alphabetic symbol ordering
Absolute symbols

Heap_Size 00000000

Symbol: Heap_Size
   Definitions
      At line 38 in file Source\startup_LPC17xx.s
   Uses
      At line 42 in file Source\startup_LPC17xx.s
      At line 354 in file Source\startup_LPC17xx.s

Stack_Size 00000200

Symbol: Stack_Size
   Definitions
      At line 27 in file Source\startup_LPC17xx.s
   Uses
      At line 30 in file Source\startup_LPC17xx.s
      At line 353 in file Source\startup_LPC17xx.s

2 symbols



ARM Macro Assembler    Page 1 Alphabetic symbol ordering
External symbols

__main 00000000

Symbol: __main
   Definitions
      At line 130 in file Source\startup_LPC17xx.s
   Uses
      At line 131 in file Source\startup_LPC17xx.s
Comment: __main used once
__use_two_region_memory 00000000

Symbol: __use_two_region_memory
   Definitions
      At line 348 in file Source\startup_LPC17xx.s
   Uses
      None
Comment: __use_two_region_memory unused
2 symbols
402 symbols in table
